2022/01/19 16:58:15 [warn ] warn
2022/01/19 16:59:29 [warn ] warn
2022/01/19 17:00:18 [warn ] warn
2022/01/19 17:00:28 [warn ] warn
2022/01/19 17:00:28 [debug] debug
2022/01/19 17:00:28 [trace] trace
2022/01/19 17:03:53 [warn ] warn 'a' 'b'
2022/01/19 17:03:53 [debug] debug 'a' 'b'
2022/01/19 17:03:53 [trace] trace 'a' 'b'
2022/01/19 17:03:53 [error] trace 'a' 'b'
2022/01/19 17:03:53 panic 'a' 'b'
2022/01/19 17:03:53 fatal 'a' 'b'
2022/01/19 17:04:00 [warn ] warn 'a' 'b'
2022/01/19 17:04:00 [debug] debug 'a' 'b'
2022/01/19 17:04:00 [trace] trace 'a' 'b'
2022/01/19 17:04:00 [error] trace 'a' 'b'
2022/01/19 17:04:00 panic 'a' 'b'
2022/01/19 17:04:00 fatal 'a' 'b'
2022/01/19 17:08:24 [warn ] warn 'a' 'b'
2022/01/19 17:08:24 [debug] debug 'a' 'b'
2022/01/19 17:08:24 [trace] trace 'a' 'b'
2022/01/19 17:08:24 [error] trace 'a' 'b'
2022/01/19 17:08:24 panic 'a' 'b'
2022/01/19 17:09:33 [warn ] warn 'a' 'b'
2022/01/19 17:09:33 [debug] debug 'a' 'b'
2022/01/19 17:09:33 [trace] trace 'a' 'b'
2022/01/19 17:09:33 [error] trace 'a' 'b'
2022/01/19 17:09:33 [trace] panic 'a' 'b'
2022/01/19 17:09:36 [fatal] fatal 'a' 'b'
2022/01/19 17:11:03  WARN warn 'a' 'b'
2022/01/19 17:11:03 DEBUG debug 'a' 'b'
2022/01/19 17:11:03 TRACE trace 'a' 'b'
2022/01/19 17:11:03 ERROR trace 'a' 'b'
2022/01/19 17:11:03 PANIC panic 'a' 'b'
2022/01/19 17:11:03 FATAL fatal 'a' 'b'
2022/01/19 17:11:59 TRACE trace 'a' 'b'
2022/01/19 17:11:59 DEBUG debug 'a' 'b'
2022/01/19 17:11:59  INFO info 'a' 'b'
2022/01/19 17:11:59  WARN warn 'a' 'b'
2022/01/19 17:11:59 ERROR trace 'a' 'b'
2022/01/19 17:11:59 PANIC panic 'a' 'b'
2022/01/19 17:11:59 FATAL fatal 'a' 'b'
2022/01/19 17:13:48 TRACE trace 'a' 'b'
2022/01/19 17:13:48 DEBUG debug 'a' 'b'
2022/01/19 17:13:48  INFO info 'a' 'b'
2022/01/19 17:13:48  WARN warn 'a' 'b'
2022/01/19 17:13:48 ERROR trace 'a' 'b'
2022/01/19 17:13:48 PANIC panic 'a' 'b'
2022/01/19 17:13:48 FATAL fatal 'a' 'b'
2022/01/19 17:37:32  INFO info 'a' 'b'
2022/01/19 17:37:32  WARN warn 'a' 'b'
2022/01/19 17:37:32 ERROR trace 'a' 'b'
2022/01/19 17:37:32 PANIC panic 'a' 'b'
2022/01/19 17:37:32 FATAL fatal 'a' 'b'
